#
# There is insufficient memory for the Java Runtime Environment to continue.
# Native memory allocation (malloc) failed to allocate 655136 bytes for Chunk::new
# Possible reasons:
#   The system is out of physical RAM or swap space
#   The process is running with CompressedOops enabled, and the Java Heap may be blocking the growth of the native heap
# Possible solutions:
#   Reduce memory load on the system
#   Increase physical memory or swap space
#   Check if swap backing store is full
#   Decrease Java heap size (-Xmx/-Xms)
#   Decrease number of Java threads
#   Decrease Java thread stack sizes (-Xss)
#   Set larger code cache with -XX:ReservedCodeCacheSize=
#   JVM is running with Unscaled Compressed Oops mode in which the Java heap is
#     placed in the first 4GB address space. The Java Heap base address is the
#     maximum limit for the native heap growth. Please use -XX:HeapBaseMinAddress
#     to set the Java Heap base and to place the Java Heap above 4GB virtual address.
# This output file may be truncated or incomplete.
#
#  Out of Memory Error (./src/hotspot/share/memory/arena.cpp:197), pid=15368, tid=10216
#
# JRE version: OpenJDK Runtime Environment (11.0.11+9) (build 11.0.11+9-b60-7590822)
# Java VM: OpenJDK 64-Bit Server VM (11.0.11+9-b60-7590822, mixed mode, tiered, compressed oops, g1 gc, windows-amd64)
# No core dump will be written. Minidumps are not enabled by default on client versions of Windows
#

---------------  S U M M A R Y ------------

Command Line: --add-opens=java.base/java.util=ALL-UNNAMED --add-opens=java.base/java.lang=ALL-UNNAMED --add-opens=java.base/java.lang.invoke=ALL-UNNAMED --add-opens=java.base/java.util=ALL-UNNAMED --add-opens=java.prefs/java.util.prefs=ALL-UNNAMED --add-opens=java.prefs/java.util.prefs=ALL-UNNAMED --add-opens=java.base/java.nio.charset=ALL-UNNAMED --add-opens=java.base/java.net=ALL-UNNAMED --add-opens=java.base/java.util.concurrent.atomic=ALL-UNNAMED -Xmx2048m -Dfile.encoding=UTF-8 -Duser.country=GB -Duser.language=en -Duser.variant org.gradle.launcher.daemon.bootstrap.GradleDaemon 7.2

Host: Intel(R) Core(TM) i7-8550U CPU @ 1.80GHz, 8 cores, 7G,  Windows 10 , 64 bit Build 19041 (10.0.19041.1566)
Time: Fri Mar 25 09:27:01 2022 Pacific Summer Time elapsed time: 14.748714 seconds (0d 0h 0m 14s)

---------------  T H R E A D  ---------------

Current thread (0x00000247644fb000):  JavaThread "C2 CompilerThread0" daemon [_thread_in_native, id=10216, stack(0x000000fc30200000,0x000000fc30300000)]


Current CompileTask:
C2:  14748 5341       4       org.codehaus.groovy.reflection.CachedMethod::compareToCachedMethod (160 bytes)

Stack: [0x000000fc30200000,0x000000fc30300000]
Native frames: (J=compiled Java code, j=interpreted, Vv=VM code, C=native code)
V  [jvm.dll+0x5f214a]
V  [jvm.dll+0x726fb5]
V  [jvm.dll+0x7285cd]
V  [jvm.dll+0x728c83]
V  [jvm.dll+0x243278]
V  [jvm.dll+0xbc53c]
V  [jvm.dll+0xbca3c]
V  [jvm.dll+0x2b5c34]
V  [jvm.dll+0x508488]
V  [jvm.dll+0x1fd4b5]
V  [jvm.dll+0x1fb35f]
V  [jvm.dll+0x183d6c]
V  [jvm.dll+0x209a57]
V  [jvm.dll+0x2082a1]
V  [jvm.dll+0x6ef58f]
V  [jvm.dll+0x6e80b5]
V  [jvm.dll+0x5f1036]
C  [ucrtbase.dll+0x21bb2]
C  [KERNEL32.DLL+0x17034]
C  [ntdll.dll+0x52651]


---------------  P R O C E S S  ---------------

Threads class SMR info:
_java_thread_list=0x0000024768cc5010, length=122, elements={
0x00000247480b8800, 0x00000247644cd000, 0x00000247644d0000, 0x0000024764e62800,
0x00000247644ed000, 0x00000247644ee000, 0x00000247644fb000, 0x00000247644ff800,
0x0000024764509000, 0x0000024764fba000, 0x00000247673fe800, 0x00000247669c7800,
0x000002476692b000, 0x00000247673d3800, 0x00000247673d4800, 0x0000024766c90800,
0x000002476788c800, 0x0000024767410800, 0x000002476873b000, 0x0000024767ba8000,
0x0000024767ba9000, 0x0000024767ba5800, 0x0000024767ba6800, 0x0000024767ba3000,
0x0000024767ba7000, 0x0000024767ba9800, 0x0000024767ba5000, 0x0000024767ba4000,
0x000002476abbb800, 0x000002476abbd000, 0x00000247687e3000, 0x000002476abbe000,
0x000002476abb8000, 0x000002476abba000, 0x000002476abb9000, 0x000002476abbf800,
0x000002476abc0800, 0x000002476abc1000, 0x000002476abc2000, 0x000002476abbc800,
0x000002476abc3000, 0x000002476abc3800, 0x000002476abc4800, 0x000002476abc7000,
0x000002476abc5800, 0x000002476abc6000, 0x000002476a08f800, 0x000002476a08d000,
0x000002476a08e000, 0x000002476a090800, 0x000002476a08e800, 0x000002476a091000,
0x000002476a08b800, 0x000002476a092000, 0x000002476a08c800, 0x000002476a093000,
0x000002476a095800, 0x000002476a096000, 0x000002476a094800, 0x000002476a097000,
0x000002476a097800, 0x000002476a098800, 0x000002476a099800, 0x000002476a093800,
0x000002476a09a000, 0x000002476a539000, 0x000002476a53b800, 0x000002476a53c800,
0x000002476a53b000, 0x000002476a53e000, 0x000002476a53f000, 0x000002476a53d800,
0x000002476a540000, 0x000002476a53a000, 0x000002476a540800, 0x000002476a545800,
0x000002476a542000, 0x000002476a546800, 0x000002476a543000, 0x000002476a547000,
0x000002476a544000, 0x000002476a541800, 0x000002476a544800, 0x000002476a548000,
0x000002476af1a800, 0x000002476af1c000, 0x000002476af1b000, 0x000002476af1d000,
0x000002476af18000, 0x000002476af17000, 0x000002476af1d800, 0x000002476af1e800,
0x000002476af19000, 0x000002476af1f800, 0x000002476af19800, 0x000002476af23800,
0x000002476af24000, 0x000002476af25000, 0x000002476af20000, 0x000002476af21000,
0x000002476af21800, 0x000002476af26000, 0x000002476af22800, 0x000002476b31f000,
0x000002476b326000, 0x000002476b320000, 0x000002476b322800, 0x000002476b325000,
0x000002476b323800, 0x000002476b321800, 0x000002476b324000, 0x000002476b326800,
0x000002476b321000, 0x000002476b329000, 0x000002476b327800, 0x000002476b32a800,
0x000002476b32b800, 0x000002476b32c800, 0x000002476b32a000, 0x000002476b328000,
0x000002476b32d000, 0x000002476b32e000
}

Java Threads: ( => current thread )
  0x00000247480b8800 JavaThread "main" [_thread_blocked, id=9068, stack(0x000000fc2f600000,0x000000fc2f700000)]
  0x00000247644cd000 JavaThread "Reference Handler" daemon [_thread_blocked, id=9580, stack(0x000000fc2fd00000,0x000000fc2fe00000)]
  0x00000247644d0000 JavaThread "Finalizer" daemon [_thread_blocked, id=9672, stack(0x000000fc2fe00000,0x000000fc2ff00000)]
  0x0000024764e62800 JavaThread "Signal Dispatcher" daemon [_thread_blocked, id=2796, stack(0x000000fc2ff00000,0x000000fc30000000)]
  0x00000247644ed000 JavaThread "Attach Listener" daemon [_thread_blocked, id=9652, stack(0x000000fc30000000,0x000000fc30100000)]
  0x00000247644ee000 JavaThread "Service Thread" daemon [_thread_blocked, id=10188, stack(0x000000fc30100000,0x000000fc30200000)]
=>0x00000247644fb000 JavaThread "C2 CompilerThread0" daemon [_thread_in_native, id=10216, stack(0x000000fc30200000,0x000000fc30300000)]
  0x00000247644ff800 JavaThread "C1 CompilerThread0" daemon [_thread_in_native, id=10152, stack(0x000000fc30300000,0x000000fc30400000)]
  0x0000024764509000 JavaThread "Sweeper thread" daemon [_thread_blocked, id=10028, stack(0x000000fc30400000,0x000000fc30500000)]
  0x0000024764fba000 JavaThread "Common-Cleaner" daemon [_thread_blocked, id=4248, stack(0x000000fc30500000,0x000000fc30600000)]
  0x00000247673fe800 JavaThread "Daemon health stats" [_thread_blocked, id=2192, stack(0x000000fc30b00000,0x000000fc30c00000)]
  0x00000247669c7800 JavaThread "Incoming local TCP Connector on port 50218" [_thread_in_native, id=14332, stack(0x000000fc30700000,0x000000fc30800000)]
  0x000002476692b000 JavaThread "Daemon periodic checks" [_thread_blocked, id=11360, stack(0x000000fc30a00000,0x000000fc30b00000)]
  0x00000247673d3800 JavaThread "Daemon" [_thread_blocked, id=8684, stack(0x000000fc30c00000,0x000000fc30d00000)]
  0x00000247673d4800 JavaThread "Handler for socket connection from /127.0.0.1:50218 to /127.0.0.1:50219" [_thread_in_native, id=7220, stack(0x000000fc30d00000,0x000000fc30e00000)]
  0x0000024766c90800 JavaThread "Cancel handler" [_thread_blocked, id=9988, stack(0x000000fc30e00000,0x000000fc30f00000)]
  0x000002476788c800 JavaThread "Daemon worker" [_thread_in_Java, id=10852, stack(0x000000fc30f00000,0x000000fc31000000)]
  0x0000024767410800 JavaThread "Asynchronous log dispatcher for DefaultDaemonConnection: socket connection from /127.0.0.1:50218 to /127.0.0.1:50219" [_thread_blocked, id=10540, stack(0x000000fc31000000,0x000000fc31100000)]
  0x000002476873b000 JavaThread "Stdin handler" [_thread_blocked, id=10928, stack(0x000000fc31100000,0x000000fc31200000)]
  0x0000024767ba8000 JavaThread "Daemon client event forwarder" [_thread_blocked, id=11212, stack(0x000000fc31200000,0x000000fc31300000)]
  0x0000024767ba9000 JavaThread "Cache worker for journal cache (C:\Users\Phoeb\.gradle\caches\journal-1)" [_thread_blocked, id=7236, stack(0x000000fc31800000,0x000000fc31900000)]
  0x0000024767ba5800 JavaThread "File lock request listener" [_thread_in_native, id=2484, stack(0x000000fc31900000,0x000000fc31a00000)]
  0x0000024767ba6800 JavaThread "Cache worker for file hash cache (C:\Users\Phoeb\.gradle\caches\7.2\fileHashes)" [_thread_blocked, id=12660, stack(0x000000fc31a00000,0x000000fc31b00000)]
  0x0000024767ba3000 JavaThread "Cache worker for file hash cache (C:\Users\Phoeb\AndroidStudioProjects\GreenFeet\.gradle\7.2\fileHashes)" [_thread_blocked, id=9728, stack(0x000000fc31d00000,0x000000fc31e00000)]
  0x0000024767ba7000 JavaThread "File watcher server" daemon [_thread_in_native, id=3472, stack(0x000000fc31e00000,0x000000fc31f00000)]
  0x0000024767ba9800 JavaThread "File watcher consumer" daemon [_thread_blocked, id=13780, stack(0x000000fc31f00000,0x000000fc32000000)]
  0x0000024767ba5000 JavaThread "Cache worker for checksums cache (C:\Users\Phoeb\AndroidStudioProjects\GreenFeet\.gradle\checksums)" [_thread_blocked, id=16268, stack(0x000000fc31c00000,0x000000fc31d00000)]
  0x0000024767ba4000 JavaThread "Cache worker for cache directory md-supplier (C:\Users\Phoeb\.gradle\caches\7.2\md-supplier)" [_thread_blocked, id=13932, stack(0x000000fc32000000,0x000000fc32100000)]
  0x000002476abbb800 JavaThread "Cache worker for cache directory md-rule (C:\Users\Phoeb\.gradle\caches\7.2\md-rule)" [_thread_blocked, id=11152, stack(0x000000fc32200000,0x000000fc32300000)]
  0x000002476abbd000 JavaThread "Cache worker for execution history cache (C:\Users\Phoeb\.gradle\caches\7.2\executionHistory)" [_thread_blocked, id=11720, stack(0x000000fc32300000,0x000000fc32400000)]
  0x00000247687e3000 JavaThread "C2 CompilerThread1" daemon [_thread_in_native, id=476, stack(0x000000fc32100000,0x000000fc32200000)]
  0x000002476abbe000 JavaThread "jar transforms" [_thread_blocked, id=10924, stack(0x000000fc32400000,0x000000fc32500000)]
  0x000002476abb8000 JavaThread "Cache worker for file content cache (C:\Users\Phoeb\.gradle\caches\7.2\fileContent)" [_thread_blocked, id=13804, stack(0x000000fc32500000,0x000000fc32600000)]
  0x000002476abba000 JavaThread "jar transforms Thread 2" [_thread_blocked, id=8848, stack(0x000000fc32600000,0x000000fc32700000)]
  0x000002476abb9000 JavaThread "Cache worker for dependencies-accessors (C:\Users\Phoeb\AndroidStudioProjects\GreenFeet\.gradle\7.2\dependencies-accessors)" [_thread_blocked, id=6324, stack(0x000000fc32700000,0x000000fc32800000)]
  0x000002476abbf800 JavaThread "jar transforms Thread 3" [_thread_blocked, id=1928, stack(0x000000fc32800000,0x000000fc32900000)]
  0x000002476abc0800 JavaThread "Cache worker for Build Output Cleanup Cache (C:\Users\Phoeb\AndroidStudioProjects\GreenFeet\.gradle\buildOutputCleanup)" [_thread_blocked, id=3360, stack(0x000000fc32900000,0x000000fc32a00000)]
  0x000002476abc1000 JavaThread "Unconstrained build operations" [_thread_blocked, id=7420, stack(0x000000fc32a00000,0x000000fc32b00000)]
  0x000002476abc2000 JavaThread "Unconstrained build operations Thread 2" [_thread_blocked, id=13688, stack(0x000000fc32b00000,0x000000fc32c00000)]
  0x000002476abbc800 JavaThread "Unconstrained build operations Thread 3" [_thread_blocked, id=6124, stack(0x000000fc32c00000,0x000000fc32d00000)]
  0x000002476abc3000 JavaThread "Unconstrained build operations Thread 4" [_thread_blocked, id=14224, stack(0x000000fc32d00000,0x000000fc32e00000)]
  0x000002476abc3800 JavaThread "Unconstrained build operations Thread 5" [_thread_blocked, id=13976, stack(0x000000fc32e00000,0x000000fc32f00000)]
  0x000002476abc4800 JavaThread "Unconstrained build operations Thread 6" [_thread_blocked, id=4724, stack(0x000000fc32f00000,0x000000fc33000000)]
  0x000002476abc7000 JavaThread "Unconstrained build operations Thread 7" [_thread_blocked, id=8248, stack(0x000000fc33000000,0x000000fc33100000)]
  0x000002476abc5800 JavaThread "Unconstrained build operations Thread 8" [_thread_blocked, id=2852, stack(0x000000fc33100000,0x000000fc33200000)]
  0x000002476abc6000 JavaThread "Unconstrained build operations Thread 9" [_thread_blocked, id=7016, stack(0x000000fc33200000,0x000000fc33300000)]
  0x000002476a08f800 JavaThread "Unconstrained build operations Thread 10" [_thread_blocked, id=11032, stack(0x000000fc33300000,0x000000fc33400000)]
  0x000002476a08d000 JavaThread "Unconstrained build operations Thread 11" [_thread_blocked, id=9932, stack(0x000000fc33400000,0x000000fc33500000)]
  0x000002476a08e000 JavaThread "Unconstrained build operations Thread 12" [_thread_blocked, id=13984, stack(0x000000fc33500000,0x000000fc33600000)]
  0x000002476a090800 JavaThread "Unconstrained build operations Thread 13" [_thread_blocked, id=1992, stack(0x000000fc33600000,0x000000fc33700000)]
  0x000002476a08e800 JavaThread "Unconstrained build operations Thread 14" [_thread_blocked, id=8, stack(0x000000fc33700000,0x000000fc33800000)]
  0x000002476a091000 JavaThread "Unconstrained build operations Thread 15" [_thread_blocked, id=10756, stack(0x000000fc33800000,0x000000fc33900000)]
  0x000002476a08b800 JavaThread "Unconstrained build operations Thread 16" [_thread_blocked, id=13492, stack(0x000000fc33900000,0x000000fc33a00000)]
  0x000002476a092000 JavaThread "Unconstrained build operations Thread 17" [_thread_blocked, id=14460, stack(0x000000fc33a00000,0x000000fc33b00000)]
  0x000002476a08c800 JavaThread "Unconstrained build operations Thread 18" [_thread_blocked, id=13032, stack(0x000000fc33b00000,0x000000fc33c00000)]
  0x000002476a093000 JavaThread "Unconstrained build operations Thread 19" [_thread_blocked, id=8732, stack(0x000000fc33c00000,0x000000fc33d00000)]
  0x000002476a095800 JavaThread "Unconstrained build operations Thread 20" [_thread_blocked, id=4524, stack(0x000000fc33d00000,0x000000fc33e00000)]
  0x000002476a096000 JavaThread "Unconstrained build operations Thread 21" [_thread_blocked, id=2536, stack(0x000000fc33e00000,0x000000fc33f00000)]
  0x000002476a094800 JavaThread "Unconstrained build operations Thread 22" [_thread_blocked, id=6728, stack(0x000000fc33f00000,0x000000fc34000000)]
  0x000002476a097000 JavaThread "Unconstrained build operations Thread 23" [_thread_blocked, id=11224, stack(0x000000fc34000000,0x000000fc34100000)]
  0x000002476a097800 JavaThread "Unconstrained build operations Thread 24" [_thread_blocked, id=16368, stack(0x000000fc34100000,0x000000fc34200000)]
  0x000002476a098800 JavaThread "Unconstrained build operations Thread 25" [_thread_blocked, id=5860, stack(0x000000fc34200000,0x000000fc34300000)]
  0x000002476a099800 JavaThread "Unconstrained build operations Thread 26" [_thread_blocked, id=1644, stack(0x000000fc34300000,0x000000fc34400000)]
  0x000002476a093800 JavaThread "Unconstrained build operations Thread 27" [_thread_blocked, id=16176, stack(0x000000fc34400000,0x000000fc34500000)]
  0x000002476a09a000 JavaThread "Unconstrained build operations Thread 28" [_thread_blocked, id=2260, stack(0x000000fc34500000,0x000000fc34600000)]
  0x000002476a539000 JavaThread "Unconstrained build operations Thread 29" [_thread_blocked, id=14352, stack(0x000000fc34600000,0x000000fc34700000)]
  0x000002476a53b800 JavaThread "Unconstrained build operations Thread 30" [_thread_blocked, id=8856, stack(0x000000fc34700000,0x000000fc34800000)]
  0x000002476a53c800 JavaThread "Unconstrained build operations Thread 31" [_thread_blocked, id=10844, stack(0x000000fc34800000,0x000000fc34900000)]
  0x000002476a53b000 JavaThread "Unconstrained build operations Thread 32" [_thread_blocked, id=14416, stack(0x000000fc34900000,0x000000fc34a00000)]
  0x000002476a53e000 JavaThread "Unconstrained build operations Thread 33" [_thread_blocked, id=1032, stack(0x000000fc34a00000,0x000000fc34b00000)]
  0x000002476a53f000 JavaThread "Unconstrained build operations Thread 34" [_thread_blocked, id=7148, stack(0x000000fc34b00000,0x000000fc34c00000)]
  0x000002476a53d800 JavaThread "Unconstrained build operations Thread 35" [_thread_blocked, id=2168, stack(0x000000fc34c00000,0x000000fc34d00000)]
  0x000002476a540000 JavaThread "Unconstrained build operations Thread 36" [_thread_blocked, id=6568, stack(0x000000fc34d00000,0x000000fc34e00000)]
  0x000002476a53a000 JavaThread "Unconstrained build operations Thread 37" [_thread_blocked, id=15752, stack(0x000000fc34e00000,0x000000fc34f00000)]
  0x000002476a540800 JavaThread "Unconstrained build operations Thread 38" [_thread_blocked, id=15884, stack(0x000000fc34f00000,0x000000fc35000000)]
  0x000002476a545800 JavaThread "Unconstrained build operations Thread 39" [_thread_blocked, id=11968, stack(0x000000fc35000000,0x000000fc35100000)]
  0x000002476a542000 JavaThread "Unconstrained build operations Thread 40" [_thread_blocked, id=7544, stack(0x000000fc35100000,0x000000fc35200000)]
  0x000002476a546800 JavaThread "Unconstrained build operations Thread 41" [_thread_blocked, id=16140, stack(0x000000fc35200000,0x000000fc35300000)]
  0x000002476a543000 JavaThread "Unconstrained build operations Thread 42" [_thread_blocked, id=1392, stack(0x000000fc35300000,0x000000fc35400000)]
  0x000002476a547000 JavaThread "Unconstrained build operations Thread 43" [_thread_blocked, id=9148, stack(0x000000fc35400000,0x000000fc35500000)]
  0x000002476a544000 JavaThread "Unconstrained build operations Thread 44" [_thread_blocked, id=10940, stack(0x000000fc35500000,0x000000fc35600000)]
  0x000002476a541800 JavaThread "Unconstrained build operations Thread 45" [_thread_blocked, id=1652, stack(0x000000fc35600000,0x000000fc35700000)]
  0x000002476a544800 JavaThread "Unconstrained build operations Thread 46" [_thread_blocked, id=11452, stack(0x000000fc35700000,0x000000fc35800000)]
  0x000002476a548000 JavaThread "Unconstrained build operations Thread 47" [_thread_blocked, id=13672, stack(0x000000fc35800000,0x000000fc35900000)]
  0x000002476af1a800 JavaThread "Unconstrained build operations Thread 48" [_thread_blocked, id=10804, stack(0x000000fc35900000,0x000000fc35a00000)]
  0x000002476af1c000 JavaThread "Unconstrained build operations Thread 49" [_thread_blocked, id=12220, stack(0x000000fc35a00000,0x000000fc35b00000)]
  0x000002476af1b000 JavaThread "Unconstrained build operations Thread 50" [_thread_blocked, id=13300, stack(0x000000fc35b00000,0x000000fc35c00000)]
  0x000002476af1d000 JavaThread "Unconstrained build operations Thread 51" [_thread_blocked, id=6936, stack(0x000000fc35c00000,0x000000fc35d00000)]
  0x000002476af18000 JavaThread "Unconstrained build operations Thread 52" [_thread_blocked, id=8092, stack(0x000000fc35d00000,0x000000fc35e00000)]
  0x000002476af17000 JavaThread "Unconstrained build operations Thread 53" [_thread_blocked, id=14168, stack(0x000000fc35e00000,0x000000fc35f00000)]
  0x000002476af1d800 JavaThread "Unconstrained build operations Thread 54" [_thread_blocked, id=3716, stack(0x000000fc35f00000,0x000000fc36000000)]
  0x000002476af1e800 JavaThread "Unconstrained build operations Thread 55" [_thread_blocked, id=10420, stack(0x000000fc36000000,0x000000fc36100000)]
  0x000002476af19000 JavaThread "Unconstrained build operations Thread 56" [_thread_blocked, id=16204, stack(0x000000fc36100000,0x000000fc36200000)]
  0x000002476af1f800 JavaThread "Unconstrained build operations Thread 57" [_thread_blocked, id=10388, stack(0x000000fc36200000,0x000000fc36300000)]
  0x000002476af19800 JavaThread "Unconstrained build operations Thread 58" [_thread_blocked, id=5652, stack(0x000000fc36300000,0x000000fc36400000)]
  0x000002476af23800 JavaThread "Unconstrained build operations Thread 59" [_thread_blocked, id=10384, stack(0x000000fc36400000,0x000000fc36500000)]
  0x000002476af24000 JavaThread "Unconstrained build operations Thread 60" [_thread_blocked, id=5600, stack(0x000000fc36500000,0x000000fc36600000)]
  0x000002476af25000 JavaThread "Unconstrained build operations Thread 61" [_thread_blocked, id=7916, stack(0x000000fc36600000,0x000000fc36700000)]
  0x000002476af20000 JavaThread "Unconstrained build operations Thread 62" [_thread_blocked, id=15480, stack(0x000000fc36700000,0x000000fc36800000)]
  0x000002476af21000 JavaThread "Unconstrained build operations Thread 63" [_thread_blocked, id=14812, stack(0x000000fc36800000,0x000000fc36900000)]
  0x000002476af21800 JavaThread "Unconstrained build operations Thread 64" [_thread_blocked, id=15572, stack(0x000000fc36900000,0x000000fc36a00000)]
  0x000002476af26000 JavaThread "Unconstrained build operations Thread 65" [_thread_blocked, id=11040, stack(0x000000fc36a00000,0x000000fc36b00000)]
  0x000002476af22800 JavaThread "Unconstrained build operations Thread 66" [_thread_blocked, id=10968, stack(0x000000fc36b00000,0x000000fc36c00000)]
  0x000002476b31f000 JavaThread "Unconstrained build operations Thread 67" [_thread_blocked, id=9356, stack(0x000000fc36c00000,0x000000fc36d00000)]
  0x000002476b326000 JavaThread "Unconstrained build operations Thread 68" [_thread_blocked, id=16036, stack(0x000000fc36d00000,0x000000fc36e00000)]
  0x000002476b320000 JavaThread "Unconstrained build operations Thread 69" [_thread_blocked, id=15512, stack(0x000000fc36e00000,0x000000fc36f00000)]
  0x000002476b322800 JavaThread "Unconstrained build operations Thread 70" [_thread_blocked, id=2292, stack(0x000000fc36f00000,0x000000fc37000000)]
  0x000002476b325000 JavaThread "Unconstrained build operations Thread 71" [_thread_blocked, id=12832, stack(0x000000fc37000000,0x000000fc37100000)]
  0x000002476b323800 JavaThread "Unconstrained build operations Thread 72" [_thread_blocked, id=10820, stack(0x000000fc37100000,0x000000fc37200000)]
  0x000002476b321800 JavaThread "Unconstrained build operations Thread 73" [_thread_blocked, id=5112, stack(0x000000fc37200000,0x000000fc37300000)]
  0x000002476b324000 JavaThread "Unconstrained build operations Thread 74" [_thread_blocked, id=12776, stack(0x000000fc37300000,0x000000fc37400000)]
  0x000002476b326800 JavaThread "Unconstrained build operations Thread 75" [_thread_blocked, id=15696, stack(0x000000fc37400000,0x000000fc37500000)]
  0x000002476b321000 JavaThread "Unconstrained build operations Thread 76" [_thread_blocked, id=14492, stack(0x000000fc37500000,0x000000fc37600000)]
  0x000002476b329000 JavaThread "Unconstrained build operations Thread 77" [_thread_blocked, id=2660, stack(0x000000fc37600000,0x000000fc37700000)]
  0x000002476b327800 JavaThread "Unconstrained build operations Thread 78" [_thread_blocked, id=4848, stack(0x000000fc37700000,0x000000fc37800000)]
  0x000002476b32a800 JavaThread "Unconstrained build operations Thread 79" [_thread_blocked, id=4672, stack(0x000000fc37800000,0x000000fc37900000)]
  0x000002476b32b800 JavaThread "Unconstrained build operations Thread 80" [_thread_blocked, id=8480, stack(0x000000fc37900000,0x000000fc37a00000)]
  0x000002476b32c800 JavaThread "jar transforms Thread 4" [_thread_blocked, id=4572, stack(0x000000fc37a00000,0x000000fc37b00000)]
  0x000002476b32a000 JavaThread "jar transforms Thread 5" [_thread_blocked, id=9636, stack(0x000000fc37b00000,0x000000fc37c00000)]
  0x000002476b328000 JavaThread "jar transforms Thread 6" [_thread_blocked, id=11064, stack(0x000000fc37c00000,0x000000fc37d00000)]
  0x000002476b32d000 JavaThread "jar transforms Thread 7" [_thread_blocked, id=4792, stack(0x000000fc37d00000,0x000000fc37e00000)]
  0x000002476b32e000 JavaThread "jar transforms Thread 8" [_thread_blocked, id=15936, stack(0x000000fc37e00000,0x000000fc37f00000)]

Other Threads:
  0x00000247644c9000 VMThread "VM Thread" [stack: 0x000000fc2fc00000,0x000000fc2fd00000] [id=9668]
  0x0000024764fcc000 WatcherThread [stack: 0x000000fc30600000,0x000000fc30700000] [id=10300]
  0x00000247480d2000 GCTaskThread "GC Thread#0" [stack: 0x000000fc2f700000,0x000000fc2f800000] [id=8620]
  0x00000247659aa000 GCTaskThread "GC Thread#1" [stack: 0x000000fc30800000,0x000000fc30900000] [id=8148]
  0x000002476595f000 GCTaskThread "GC Thread#2" [stack: 0x000000fc30900000,0x000000fc30a00000] [id=1352]
  0x000002476729e000 GCTaskThread "GC Thread#3" [stack: 0x000000fc31300000,0x000000fc31400000] [id=8416]
  0x000002476695e800 GCTaskThread "GC Thread#4" [stack: 0x000000fc31400000,0x000000fc31500000] [id=11176]
  0x000002476695f800 GCTaskThread "GC Thread#5" [stack: 0x000000fc31500000,0x000000fc31600000] [id=8896]
  0x000002476673d800 GCTaskThread "GC Thread#6" [stack: 0x000000fc31600000,0x000000fc31700000] [id=11180]
  0x000002476673e000 GCTaskThread "GC Thread#7" [stack: 0x000000fc31700000,0x000000fc31800000] [id=11172]
  0x0000024748106000 ConcurrentGCThread "G1 Main Marker" [stack: 0x000000fc2f800000,0x000000fc2f900000] [id=4528]
  0x0000024748107800 ConcurrentGCThread "G1 Conc#0" [stack: 0x000000fc2f900000,0x000000fc2fa00000] [id=8228]
  0x000002476717c800 ConcurrentGCThread "G1 Conc#1" [stack: 0x000000fc31b00000,0x000000fc31c00000] [id=1124]
  0x0000024748197800 ConcurrentGCThread "G1 Refine#0" [stack: 0x000000fc2fa00000,0x000000fc2fb00000] [id=9528]
  0x0000024748198800 ConcurrentGCThread "G1 Young RemSet Sampling" [stack: 0x000000fc2fb00000,0x000000fc2fc00000] [id=9692]

Threads with active compile tasks:
C2 CompilerThread0  14794 5341       4       org.codehaus.groovy.reflection.CachedMethod::compareToCachedMethod (160 bytes)
C1 CompilerThread0  14795 5443       3       java.lang.reflect.ProxyGenerator$MethodInfo::write (283 bytes)
C2 CompilerThread1  14795 5441       4       com.google.common.collect.ImmutableList::asImmutableList (60 bytes)

VM state:not at safepoint (normal execution)

VM Mutex/Monitor currently owned by a thread: None

Heap address: 0x0000000080000000, size: 2048 MB, Compressed Oops mode: 32-bit
Narrow klass base: 0x0000000000000000, Narrow klass shift: 3
Compressed class space size: 1073741824 Address: 0x0000000100000000

Heap:
 garbage-first heap   total 155648K, used 63488K [0x0000000080000000, 0x0000000100000000)
  region size 1024K, 30 young (30720K), 10 survivors (10240K)
 Metaspace       used 50197K, capacity 51550K, committed 51788K, reserved 1093632K
  class space    used 6415K, capacity 6910K, committed 6988K, reserved 1048576K
Heap Regions: E=young(eden), S=young(survivor), O=old, HS=humongous(starts), HC=humongous(continues), CS=collection set, F=free, A=archive, TAMS=top-at-mark-start (previous, next)
|   0|0x0000000080000000, 0x0000000080100000, 0x0000000080100000|100%| O|  |TAMS 0x0000000080100000, 0x0000000080000000| Untracked 
|   1|0x0000000080100000, 0x0000000080200000, 0x0000000080200000|100%| O|  |TAMS 0x0000000080200000, 0x0000000080100000| Untracked 
|   2|0x0000000080200000, 0x0000000080300000, 0x0000000080300000|100%| O|  |TAMS 0x0000000080300000, 0x0000000080200000| Untracked 
|   3|0x0000000080300000, 0x0000000080400000, 0x0000000080400000|100%|HS|  |TAMS 0x0000000080400000, 0x0000000080300000| Complete 
|   4|0x0000000080400000, 0x0000000080500000, 0x0000000080500000|100%|HC|  |TAMS 0x0000000080500000, 0x0000000080400000| Complete 
|   5|0x0000000080500000, 0x0000000080600000, 0x0000000080600000|100%|HC|  |TAMS 0x0000000080600000, 0x0000000080500000| Complete 
|   6|0x0000000080600000, 0x0000000080700000, 0x0000000080700000|100%| O|  |TAMS 0x0000000080700000, 0x0000000080600000| Untracked 
|   7|0x0000000080700000, 0x0000000080800000, 0x0000000080800000|100%| O|  |TAMS 0x0000000080800000, 0x0000000080700000| Untracked 
|   8|0x0000000080800000, 0x0000000080900000, 0x0000000080900000|100%| O|  |TAMS 0x0000000080900000, 0x0000000080800000| Untracked 
|   9|0x0000000080900000, 0x0000000080a00000, 0x0000000080a00000|100%| O|  |TAMS 0x0000000080a00000, 0x0000000080900000| Untracked 
|  10|0x0000000080a00000, 0x0000000080b00000, 0x0000000080b00000|100%| O|  |TAMS 0x0000000080b00000, 0x0000000080a00000| Untracked 
|  11|0x0000000080b00000, 0x0000000080c00000, 0x0000000080c00000|100%| O|  |TAMS 0x0000000080c00000, 0x0000000080b00000| Untracked 
|  12|0x0000000080c00000, 0x0000000080d00000, 0x0000000080d00000|100%| O|  |TAMS 0x0000000080d00000, 0x0000000080c00000| Untracked 
|  13|0x0000000080d00000, 0x0000000080e00000, 0x0000000080e00000|100%| O|  |TAMS 0x0000000080e00000, 0x0000000080d00000| Untracked 
|  14|0x0000000080e00000, 0x0000000080f00000, 0x0000000080f00000|100%| O|  |TAMS 0x0000000080f00000, 0x0000000080e00000| Untracked 
|  15|0x0000000080f00000, 0x0000000081000000, 0x0000000081000000|100%| O|  |TAMS 0x0000000081000000, 0x0000000080f00000| Untracked 
|  16|0x0000000081000000, 0x0000000081100000, 0x0000000081100000|100%| O|  |TAMS 0x0000000081100000, 0x0000000081000000| Untracked 
|  17|0x0000000081100000, 0x0000000081200000, 0x0000000081200000|100%| O|  |TAMS 0x0000000081200000, 0x0000000081100000| Untracked 
|  18|0x0000000081200000, 0x0000000081300000, 0x0000000081300000|100%| O|  |TAMS 0x0000000081300000, 0x0000000081200000| Untracked 
|  19|0x0000000081300000, 0x0000000081400000, 0x0000000081400000|100%| O|  |TAMS 0x0000000081321400, 0x0000000081300000| Untracked 
|  20|0x0000000081400000, 0x0000000081500000, 0x0000000081500000|100%|HS|  |TAMS 0x0000000081400000, 0x0000000081400000| Complete 
|  21|0x0000000081500000, 0x0000000081600000, 0x0000000081600000|100%| O|  |TAMS 0x0000000081500000, 0x0000000081500000| Untracked 
|  22|0x0000000081600000, 0x0000000081700000, 0x0000000081700000|100%| O|  |TAMS 0x0000000081600000, 0x0000000081600000| Untracked 
|  23|0x0000000081700000, 0x0000000081800000, 0x0000000081800000|100%| O|  |TAMS 0x0000000081700000, 0x0000000081700000| Untracked 
|  24|0x0000000081800000, 0x0000000081900000, 0x0000000081900000|100%| O|  |TAMS 0x0000000081800000, 0x0000000081800000| Untracked 
|  25|0x0000000081900000, 0x0000000081a00000, 0x0000000081a00000|100%|HS|  |TAMS 0x0000000081900000, 0x0000000081900000| Complete 
|  26|0x0000000081a00000, 0x0000000081b00000, 0x0000000081b00000|100%|HS|  |TAMS 0x0000000081a00000, 0x0000000081a00000| Complete 
|  27|0x0000000081b00000, 0x0000000081c00000, 0x0000000081c00000|100%|HS|  |TAMS 0x0000000081b00000, 0x0000000081b00000| Complete 
|  28|0x0000000081c00000, 0x0000000081d00000, 0x0000000081d00000|100%|HC|  |TAMS 0x0000000081c00000, 0x0000000081c00000| Complete 
|  29|0x0000000081d00000, 0x0000000081e00000, 0x0000000081e00000|100%| O|  |TAMS 0x0000000081d00000, 0x0000000081d00000| Untracked 
|  30|0x0000000081e00000, 0x0000000081f00000, 0x0000000081f00000|100%| O|  |TAMS 0x0000000081e00000, 0x0000000081e00000| Untracked 
|  31|0x0000000081f00000, 0x0000000082000000, 0x0000000082000000|100%| O|  |TAMS 0x0000000081f00000, 0x0000000081f00000| Untracked 
|  32|0x0000000082000000, 0x0000000082100000, 0x0000000082100000|100%| O|  |TAMS 0x0000000082000000, 0x0000000082000000| Untracked 
|  33|0x0000000082100000, 0x0000000082100000, 0x0000000082200000|  0%| F|  |TAMS 0x0000000082100000, 0x0000000082100000| Untracked 
|  34|0x0000000082200000, 0x0000000082200000, 0x0000000082300000|  0%| F|  |TAMS 0x0000000082200000, 0x0000000082200000| Untracked 
|  35|0x0000000082300000, 0x0000000082300000, 0x0000000082400000|  0%| F|  |TAMS 0x0000000082300000, 0x0000000082300000| Untracked 
|  36|0x0000000082400000, 0x0000000082400000, 0x0000000082500000|  0%| F|  |TAMS 0x0000000082400000, 0x0000000082400000| Untracked 
|  37|0x0000000082500000, 0x0000000082500000, 0x0000000082600000|  0%| F|  |TAMS 0x0000000082500000, 0x0000000082500000| Untracked 
|  38|0x0000000082600000, 0x0000000082600000, 0x0000000082700000|  0%| F|  |TAMS 0x0000000082600000, 0x0000000082600000| Untracked 
|  39|0x0000000082700000, 0x0000000082700000, 0x0000000082800000|  0%| F|  |TAMS 0x0000000082700000, 0x0000000082700000| Untracked 
|  40|0x0000000082800000, 0x0000000082800000, 0x0000000082900000|  0%| F|  |TAMS 0x0000000082800000, 0x0000000082800000| Untracked 
|  41|0x0000000082900000, 0x0000000082900000, 0x0000000082a00000|  0%| F|  |TAMS 0x0000000082900000, 0x0000000082900000| Untracked 
|  42|0x0000000082a00000, 0x0000000082a00000, 0x0000000082b00000|  0%| F|  |TAMS 0x0000000082a00000, 0x0000000082a00000| Untracked 
|  43|0x0000000082b00000, 0x0000000082b00000, 0x0000000082c00000|  0%| F|  |TAMS 0x0000000082b00000, 0x0000000082b00000| Untracked 
|  44|0x0000000082c00000, 0x0000000082c00000, 0x0000000082d00000|  0%| F|  |TAMS 0x0000000082c00000, 0x0000000082c00000| Untracked 
|  45|0x0000000082d00000, 0x0000000082d00000, 0x0000000082e00000|  0%| F|  |TAMS 0x0000000082d00000, 0x0000000082d00000| Untracked 
|  46|0x0000000082e00000, 0x0000000082e00000, 0x0000000082f00000|  0%| F|  |TAMS 0x0000000082e00000, 0x0000000082e00000| Untracked 
|  47|0x0000000082f00000, 0x0000000082f00000, 0x0000000083000000|  0%| F|  |TAMS 0x0000000082f00000, 0x0000000082f00000| Untracked 
|  48|0x0000000083000000, 0x0000000083000000, 0x0000000083100000|  0%| F|  |TAMS 0x0000000083000000, 0x0000000083000000| Untracked 
|  49|0x0000000083100000, 0x0000000083100000, 0x0000000083200000|  0%| F|  |TAMS 0x0000000083100000, 0x0000000083100000| Untracked 
|  50|0x0000000083200000, 0x0000000083200000, 0x0000000083300000|  0%| F|  |TAMS 0x0000000083200000, 0x0000000083200000| Untracked 
|  51|0x0000000083300000, 0x0000000083300000, 0x0000000083400000|  0%| F|  |TAMS 0x0000000083300000, 0x0000000083300000| Untracked 
|  52|0x0000000083400000, 0x0000000083400000, 0x0000000083500000|  0%| F|  |TAMS 0x0000000083400000, 0x0000000083400000| Untracked 
|  53|0x0000000083500000, 0x0000000083500000, 0x0000000083600000|  0%| F|  |TAMS 0x0000000083500000, 0x0000000083500000| Untracked 
|  54|0x0000000083600000, 0x0000000083600000, 0x0000000083700000|  0%| F|  |TAMS 0x0000000083600000, 0x0000000083600000| Untracked 
|  55|0x0000000083700000, 0x0000000083700000, 0x0000000083800000|  0%| F|  |TAMS 0x0000000083700000, 0x0000000083700000| Untracked 
|  56|0x0000000083800000, 0x0000000083800000, 0x0000000083900000|  0%| F|  |TAMS 0x0000000083800000, 0x0000000083800000| Untracked 
|  57|0x0000000083900000, 0x0000000083900000, 0x0000000083a00000|  0%| F|  |TAMS 0x0000000083900000, 0x0000000083900000| Untracked 
|  58|0x0000000083a00000, 0x0000000083a00000, 0x0000000083b00000|  0%| F|  |TAMS 0x0000000083a00000, 0x0000000083a00000| Untracked 
|  59|0x0000000083b00000, 0x0000000083b00000, 0x0000000083c00000|  0%| F|  |TAMS 0x0000000083b00000, 0x0000000083b00000| Untracked 
|  60|0x0000000083c00000, 0x0000000083c00000, 0x0000000083d00000|  0%| F|  |TAMS 0x0000000083c00000, 0x0000000083c00000| Untracked 
|  61|0x0000000083d00000, 0x0000000083d00000, 0x0000000083e00000|  0%| F|  |TAMS 0x0000000083d00000, 0x0000000083d00000| Untracked 
|  62|0x0000000083e00000, 0x0000000083e00000, 0x0000000083f00000|  0%| F|  |TAMS 0x0000000083e00000, 0x0000000083e00000| Untracked 
|  63|0x0000000083f00000, 0x0000000083f00000, 0x0000000084000000|  0%| F|  |TAMS 0x0000000083f00000, 0x0000000083f00000| Untracked 
|  64|0x0000000084000000, 0x0000000084100000, 0x0000000084100000|100%| S|CS|TAMS 0x0000000084000000, 0x0000000084000000| Complete 
|  65|0x0000000084100000, 0x0000000084200000, 0x0000000084200000|100%| S|CS|TAMS 0x0000000084100000, 0x0000000084100000| Complete 
|  66|0x0000000084200000, 0x0000000084300000, 0x0000000084300000|100%| S|CS|TAMS 0x0000000084200000, 0x0000000084200000| Complete 
|  67|0x0000000084300000, 0x0000000084400000, 0x0000000084400000|100%| S|CS|TAMS 0x0000000084300000, 0x0000000084300000| Complete 
|  68|0x0000000084400000, 0x0000000084500000, 0x0000000084500000|100%| S|CS|TAMS 0x0000000084400000, 0x0000000084400000| Complete 
|  69|0x0000000084500000, 0x0000000084600000, 0x0000000084600000|100%| S|CS|TAMS 0x0000000084500000, 0x0000000084500000| Complete 
|  70|0x0000000084600000, 0x0000000084700000, 0x0000000084700000|100%| S|CS|TAMS 0x0000000084600000, 0x0000000084600000| Complete 
|  71|0x0000000084700000, 0x0000000084800000, 0x0000000084800000|100%| S|CS|TAMS 0x0000000084700000, 0x0000000084700000| Complete 
|  72|0x0000000084800000, 0x0000000084900000, 0x0000000084900000|100%| S|CS|TAMS 0x0000000084800000, 0x0000000084800000| Complete 
|  73|0x0000000084900000, 0x0000000084a00000, 0x0000000084a00000|100%| S|CS|TAMS 0x0000000084900000, 0x0000000084900000| Complete 
|  74|0x0000000084a00000, 0x0000000084a00000, 0x0000000084b00000|  0%| F|  |TAMS 0x0000000084a00000, 0x0000000084a00000| Untracked 
|  75|0x0000000084b00000, 0x0000000084b00000, 0x0000000084c00000|  0%| F|  |TAMS 0x0000000084b00000, 0x0000000084b00000| Untracked 
|  76|0x0000000084c00000, 0x0000000084c00000, 0x0000000084d00000|  0%| F|  |TAMS 0x0000000084c00000, 0x0000000084c00000| Untracked 
|  77|0x0000000084d00000, 0x0000000084d00000, 0x0000000084e00000|  0%| F|  |TAMS 0x0000000084d00000, 0x0000000084d00000| Untracked 
|  78|0x0000000084e00000, 0x0000000084e00000, 0x0000000084f00000|  0%| F|  |TAMS 0x0000000084e00000, 0x0000000084e00000| Untracked 
|  79|0x0000000084f00000, 0x0000000084f00000, 0x0000000085000000|  0%| F|  |TAMS 0x0000000084f00000, 0x0000000084f00000| Untracked 
|  80|0x0000000085000000, 0x0000000085000000, 0x0000000085100000|  0%| F|  |TAMS 0x0000000085000000, 0x0000000085000000| Untracked 
|  81|0x0000000085100000, 0x0000000085100000, 0x0000000085200000|  0%| F|  |TAMS 0x0000000085100000, 0x0000000085100000| Untracked 
|  82|0x0000000085200000, 0x0000000085200000, 0x0000000085300000|  0%| F|  |TAMS 0x0000000085200000, 0x0000000085200000| Untracked 
|  83|0x0000000085300000, 0x0000000085300000, 0x0000000085400000|  0%| F|  |TAMS 0x0000000085300000, 0x0000000085300000| Untracked 
|  84|0x0000000085400000, 0x0000000085400000, 0x0000000085500000|  0%| F|  |TAMS 0x0000000085400000, 0x0000000085400000| Untracked 
|  85|0x0000000085500000, 0x0000000085500000, 0x0000000085600000|  0%| F|  |TAMS 0x0000000085500000, 0x0000000085500000| Untracked 
|  86|0x0000000085600000, 0x0000000085600000, 0x0000000085700000|  0%| F|  |TAMS 0x0000000085600000, 0x0000000085600000| Untracked 
|  87|0x0000000085700000, 0x0000000085700000, 0x0000000085800000|  0%| F|  |TAMS 0x0000000085700000, 0x0000000085700000| Untracked 
|  88|0x0000000085800000, 0x0000000085800000, 0x0000000085900000|  0%| F|  |TAMS 0x0000000085800000, 0x0000000085800000| Untracked 
|  89|0x0000000085900000, 0x0000000085900000, 0x0000000085a00000|  0%| F|  |TAMS 0x0000000085900000, 0x0000000085900000| Untracked 
|  90|0x0000000085a00000, 0x0000000085a00000, 0x0000000085b00000|  0%| F|  |TAMS 0x0000000085a00000, 0x0000000085a00000| Untracked 
|  91|0x0000000085b00000, 0x0000000085b00000, 0x0000000085c00000|  0%| F|  |TAMS 0x0000000085b00000, 0x0000000085b00000| Untracked 
|  92|0x0000000085c00000, 0x0000000085c00000, 0x0000000085d00000|  0%| F|  |TAMS 0x0000000085c00000, 0x0000000085c00000| Untracked 
|  93|0x0000000085d00000, 0x0000000085d00000, 0x0000000085e00000|  0%| F|  |TAMS 0x0000000085d00000, 0x0000000085d00000| Untracked 
|  94|0x0000000085e00000, 0x0000000085e00000, 0x0000000085f00000|  0%| F|  |TAMS 0x0000000085e00000, 0x0000000085e00000| Untracked 
|  95|0x0000000085f00000, 0x0000000085f00000, 0x0000000086000000|  0%| F|  |TAMS 0x0000000085f00000, 0x0000000085f00000| Untracked 
|  96|0x0000000086000000, 0x0000000086000000, 0x0000000086100000|  0%| F|  |TAMS 0x0000000086000000, 0x0000000086000000| Untracked 
|  97|0x0000000086100000, 0x0000000086100000, 0x0000000086200000|  0%| F|  |TAMS 0x0000000086100000, 0x0000000086100000| Untracked 
|  98|0x0000000086200000, 0x0000000086200000, 0x0000000086300000|  0%| F|  |TAMS 0x0000000086200000, 0x0000000086200000| Untracked 
|  99|0x0000000086300000, 0x0000000086300000, 0x0000000086400000|  0%| F|  |TAMS 0x0000000086300000, 0x0000000086300000| Untracked 
| 100|0x0000000086400000, 0x0000000086400000, 0x0000000086500000|  0%| F|  |TAMS 0x0000000086400000, 0x0000000086400000| Untracked 
| 101|0x0000000086500000, 0x0000000086500000, 0x0000000086600000|  0%| F|  |TAMS 0x0000000086500000, 0x0000000086500000| Untracked 
| 102|0x0000000086600000, 0x0000000086600000, 0x0000000086700000|  0%| F|  |TAMS 0x0000000086600000, 0x0000000086600000| Untracked 
| 103|0x0000000086700000, 0x0000000086700000, 0x0000000086800000|  0%| F|  |TAMS 0x0000000086700000, 0x0000000086700000| Untracked 
| 104|0x0000000086800000, 0x0000000086800000, 0x0000000086900000|  0%| F|  |TAMS 0x0000000086800000, 0x0000000086800000| Untracked 
| 105|0x0000000086900000, 0x0000000086900000, 0x0000000086a00000|  0%| F|  |TAMS 0x0000000086900000, 0x0000000086900000| Untracked 
| 106|0x0000000086a00000, 0x0000000086a00000, 0x0000000086b00000|  0%| F|  |TAMS 0x0000000086a00000, 0x0000000086a00000| Untracked 
| 107|0x0000000086b00000, 0x0000000086b00000, 0x0000000086c00000|  0%| F|  |TAMS 0x0000000086b00000, 0x0000000086b00000| Untracked 
| 108|0x0000000086c00000, 0x0000000086c00000, 0x0000000086d00000|  0%| F|  |TAMS 0x0000000086c00000, 0x0000000086c00000| Untracked 
| 109|0x0000000086d00000, 0x0000000086d00000, 0x0000000086e00000|  0%| F|  |TAMS 0x0000000086d00000, 0x0000000086d00000| Untracked 
| 110|0x0000000086e00000, 0x0000000086e00000, 0x0000000086f00000|  0%| F|  |TAMS 0x0000000086e00000, 0x0000000086e00000| Untracked 
| 111|0x0000000086f00000, 0x0000000086f00000, 0x0000000087000000|  0%| F|  |TAMS 0x0000000086f00000, 0x0000000086f00000| Untracked 
| 112|0x0000000087000000, 0x0000000087000000, 0x0000000087100000|  0%| F|  |TAMS 0x0000000087000000, 0x0000000087000000| Untracked 
| 113|0x0000000087100000, 0x0000000087100000, 0x0000000087200000|  0%| F|  |TAMS 0x0000000087100000, 0x0000000087100000| Untracked 
| 114|0x0000000087200000, 0x0000000087200000, 0x0000000087300000|  0%| F|  |TAMS 0x0000000087200000, 0x0000000087200000| Untracked 
| 115|0x0000000087300000, 0x0000000087300000, 0x0000000087400000|  0%| F|  |TAMS 0x0000000087300000, 0x0000000087300000| Untracked 
| 116|0x0000000087400000, 0x0000000087400000, 0x0000000087500000|  0%| F|  |TAMS 0x0000000087400000, 0x0000000087400000| Untracked 
| 117|0x0000000087500000, 0x0000000087500000, 0x0000000087600000|  0%| F|  |TAMS 0x0000000087500000, 0x0000000087500000| Untracked 
| 118|0x0000000087600000, 0x0000000087600000, 0x0000000087700000|  0%| F|  |TAMS 0x0000000087600000, 0x0000000087600000| Untracked 
| 119|0x0000000087700000, 0x0000000087700000, 0x0000000087800000|  0%| F|  |TAMS 0x0000000087700000, 0x0000000087700000| Untracked 
| 120|0x0000000087800000, 0x0000000087800000, 0x0000000087900000|  0%| F|  |TAMS 0x0000000087800000, 0x0000000087800000| Untracked 
| 121|0x0000000087900000, 0x0000000087900000, 0x0000000087a00000|  0%| F|  |TAMS 0x0000000087900000, 0x0000000087900000| Untracked 
| 122|0x0000000087a00000, 0x0000000087a00000, 0x0000000087b00000|  0%| F|  |TAMS 0x0000000087a00000, 0x0000000087a00000| Untracked 
| 123|0x0000000087b00000, 0x0000000087b00000, 0x0000000087c00000|  0%| F|  |TAMS 0x0000000087b00000, 0x0000000087b00000| Untracked 
| 124|0x0000000087c00000, 0x0000000087c00000, 0x0000000087d00000|  0%| F|  |TAMS 0x0000000087c00000, 0x0000000087c00000| Untracked 
| 125|0x0000000087d00000, 0x0000000087d00000, 0x0000000087e00000|  0%| F|  |TAMS 0x0000000087d00000, 0x0000000087d00000| Untracked 
| 126|0x0000000087e00000, 0x0000000087e00000, 0x0000000087f00000|  0%| F|  |TAMS 0x0000000087e00000, 0x0000000087e00000| Untracked 
| 127|0x0000000087f00000, 0x0000000087f00000, 0x0000000088000000|  0%| F|  |TAMS 0x0000000087f00000, 0x0000000087f00000| Untracked 
| 128|0x0000000088000000, 0x0000000088000000, 0x0000000088100000|  0%| F|  |TAMS 0x0000000088000000, 0x0000000088000000| Untracked 
| 129|0x0000000088100000, 0x0000000088100000, 0x0000000088200000|  0%| F|  |TAMS 0x0000000088100000, 0x0000000088100000| Untracked 
| 130|0x0000000088200000, 0x0000000088200000, 0x0000000088300000|  0%| F|  |TAMS 0x0000000088200000, 0x0000000088200000| Untracked 
| 131|0x0000000088300000, 0x0000000088300000, 0x0000000088400000|  0%| F|  |TAMS 0x0000000088300000, 0x0000000088300000| Untracked 
| 132|0x0000000088400000, 0x0000000088500000, 0x0000000088500000|100%| E|  |TAMS 0x0000000088400000, 0x0000000088400000| Complete 
| 133|0x0000000088500000, 0x0000000088600000, 0x0000000088600000|100%| E|CS|TAMS 0x0000000088500000, 0x0000000088500000| Complete 
| 134|0x0000000088600000, 0x0000000088700000, 0x0000000088700000|100%| E|CS|TAMS 0x0000000088600000, 0x0000000088600000| Complete 
| 135|0x0000000088700000, 0x0000000088800000, 0x0000000088800000|100%| E|CS|TAMS 0x0000000088700000, 0x0000000088700000| Complete 
| 136|0x0000000088800000, 0x0000000088900000, 0x0000000088900000|100%| E|CS|TAMS 0x0000000088800000, 0x0000000088800000| Complete 
| 137|0x0000000088900000, 0x0000000088a00000, 0x0000000088a00000|100%| E|CS|TAMS 0x0000000088900000, 0x0000000088900000| Complete 
| 138|0x0000000088a00000, 0x0000000088b00000, 0x0000000088b00000|100%| E|CS|TAMS 0x0000000088a00000, 0x0000000088a00000| Complete 
| 139|0x0000000088b00000, 0x0000000088c00000, 0x0000000088c00000|100%| E|CS|TAMS 0x0000000088b00000, 0x0000000088b00000| Complete 
| 140|0x0000000088c00000, 0x0000000088d00000, 0x0000000088d00000|100%| E|CS|TAMS 0x0000000088c00000, 0x0000000088c00000| Complete 
| 141|0x0000000088d00000, 0x0000000088e00000, 0x0000000088e00000|100%| E|CS|TAMS 0x0000000088d00000, 0x0000000088d00000| Complete 
| 142|0x0000000088e00000, 0x0000000088f00000, 0x0000000088f00000|100%| E|CS|TAMS 0x0000000088e00000, 0x0000000088e00000| Complete 
| 143|0x0000000088f00000, 0x0000000089000000, 0x0000000089000000|100%| E|CS|TAMS 0x0000000088f00000, 0x0000000088f00000| Complete 
| 144|0x0000000089000000, 0x0000000089100000, 0x0000000089100000|100%| E|CS|TAMS 0x0000000089000000, 0x0000000089000000| Complete 
| 145|0x0000000089100000, 0x0000000089200000, 0x0000000089200000|100%| E|CS|TAMS 0x0000000089100000, 0x0000000089100000| Complete 
| 146|0x0000000089200000, 0x0000000089300000, 0x0000000089300000|100%| E|CS|TAMS 0x0000000089200000, 0x0000000089200000| Complete 
| 147|0x0000000089300000, 0x0000000089400000, 0x0000000089400000|100%| E|CS|TAMS 0x0000000089300000, 0x0000000089300000| Complete 
| 148|0x0000000089400000, 0x0000000089500000, 0x0000000089500000|100%| E|CS|TAMS 0x0000000089400000, 0x0000000089400000| Complete 
| 149|0x0000000089500000, 0x0000000089600000, 0x0000000089600000|100%| E|CS|TAMS 0x0000000089500000, 0x0000000089500000| Complete 
| 150|0x0000000089600000, 0x0000000089700000, 0x0000000089700000|100%| E|CS|TAMS 0x0000000089600000, 0x0000000089600000| Complete 
| 151|0x0000000089700000, 0x0000000089800000, 0x0000000089800000|100%| E|CS|TAMS 0x0000000089700000, 0x0000000089700000| Complete 

Card table byte_map: [0x000002475d200000,0x000002475d600000] _byte_map_base: 0x000002475ce00000

Marking Bits (Prev, Next): (CMBitMap*) 0x00000247480fd2d8, (CMBitMap*) 0x00000247480fd310
 Prev Bits: [0x000002475da00000, 0x000002475fa00000)
 Next Bits: [0x000002475fa00000, 0x0000024761a00000)

Polling page: 0x00000247481a0000

Metaspace:

Usage:
  Non-class:     43.59 MB capacity,    42.78 MB ( 98%) used,   703.30 KB (  2%) free+waste,   129.94 KB ( <1%) overhead. 
      Class:      6.75 MB capacity,     6.27 MB ( 93%) used,   429.30 KB (  6%) free+waste,    62.06 KB ( <1%) overhead. 
       Both:     50.34 MB capacity,    49.05 MB ( 97%) used,     1.11 MB (  2%) free+waste,   192.00 KB ( <1%) overhead. 

Virtual space:
  Non-class space:       44.00 MB reserved,      43.75 MB (>99%) committed 
      Class space:        1.00 GB reserved,       6.82 MB ( <1%) committed 
             Both:        1.04 GB reserved,      50.57 MB (  5%) committed 

Chunk freelists:
   Non-Class:  32.00 KB
       Class:  2.00 KB
        Both:  34.00 KB

MaxMetaspaceSize: 17179869184.00 GB
CompressedClassSpaceSize: 1.00 GB

CodeHeap 'non-profiled nmethods': size=120000Kb used=3057Kb max_used=3057Kb free=116942Kb
 bounds [0x0000024754e60000, 0x0000024755160000, 0x000002475c390000]
CodeHeap 'profiled nmethods': size=120000Kb used=11138Kb max_used=11138Kb free=108861Kb
 bounds [0x000002474d930000, 0x000002474e420000, 0x0000024754e60000]
CodeHeap 'non-nmethods': size=5760Kb used=2220Kb max_used=2294Kb free=3539Kb
 bounds [0x000002474d390000, 0x000002474d600000, 0x000002474d930000]
 total_blobs=6222 nmethods=5430 adapters=703
 compilation: enabled
              stopped_count=0, restarted_count=0
 full_count=0

Compilation events (20 events):
Event: 14.691 Thread 0x00000247644ff800 5418       3       com.google.common.collect.MapMakerInternalMap$Segment::drainValueReferenceQueue (42 bytes)
Event: 14.692 Thread 0x00000247644ff800 nmethod 5418 0x000002474e3fa990 code [0x000002474e3fabe0, 0x000002474e3fb668]
Event: 14.692 Thread 0x00000247644ff800 5419       3       com.google.common.collect.MapMakerInternalMap$StrongKeyWeakValueEntry$Helper::setValue (14 bytes)
Event: 14.693 Thread 0x00000247644ff800 nmethod 5419 0x000002474e3fba10 code [0x000002474e3fbc20, 0x000002474e3fc2d8]
Event: 14.693 Thread 0x00000247644ff800 5420   !   3       org.gradle.internal.classloader.FilteringClassLoader::loadClass (62 bytes)
Event: 14.694 Thread 0x00000247644ff800 nmethod 5420 0x000002474e3fc590 code [0x000002474e3fc860, 0x000002474e3fd668]
Event: 14.711 Thread 0x00000247644fb000 nmethod 5344 0x0000024755154310 code [0x0000024755154520, 0x00000247551559d8]
Event: 14.711 Thread 0x00000247644fb000 5341       4       org.codehaus.groovy.reflection.CachedMethod::compareToCachedMethod (160 bytes)
Event: 14.732 Thread 0x00000247644ff800 5421       3       com.google.common.collect.MapMakerInternalMap$Segment::getLiveEntry (7 bytes)
Event: 14.732 Thread 0x00000247644ff800 nmethod 5421 0x000002474e3fdb90 code [0x000002474e3fdd40, 0x000002474e3fdee8]
Event: 14.733 Thread 0x00000247644ff800 5422   !   3       com.google.common.collect.MapMakerInternalMap$Segment::get (58 bytes)
Event: 14.734 Thread 0x00000247644ff800 nmethod 5422 0x000002474e3fdf90 code [0x000002474e3fe260, 0x000002474e3ff548]
Event: 14.734 Thread 0x00000247644ff800 5423   !   3       com.google.common.collect.MapMakerInternalMap$Segment::runLockedCleanup (34 bytes)
Event: 14.734 Thread 0x00000247644ff800 nmethod 5423 0x000002474e3ffc10 code [0x000002474e3ffe20, 0x000002474e4003f8]
Event: 14.735 Thread 0x00000247644ff800 5424       3       com.google.common.collect.MapMakerInternalMap$StrongKeyWeakValueEntry::<init> (15 bytes)
Event: 14.735 Thread 0x00000247644ff800 nmethod 5424 0x000002474e400610 code [0x000002474e4007e0, 0x000002474e400b18]
Event: 14.735 Thread 0x00000247644ff800 5425       3       com.google.common.collect.MapMakerInternalMap$AbstractStrongKeyEntry::<init> (20 bytes)
Event: 14.735 Thread 0x00000247644ff800 nmethod 5425 0x000002474e400c10 code [0x000002474e400dc0, 0x000002474e400fd8]
Event: 14.735 Thread 0x00000247644ff800 5426       3       com.google.common.collect.MapMakerInternalMap::unsetWeakValueReference (4 bytes)
Event: 14.735 Thread 0x00000247644ff800 nmethod 5426 0x000002474e401090 code [0x000002474e401240, 0x000002474e401338]

GC Heap History (20 events):
Event: 1.140 GC heap before
{Heap before GC invocations=0 (full 0):
 garbage-first heap   total 129024K, used 29696K [0x0000000080000000, 0x0000000100000000)
  region size 1024K, 24 young (24576K), 0 survivors (0K)
 Metaspace       used 10249K, capacity 10487K, committed 10624K, reserved 1058816K
  class space    used 1073K, capacity 1141K, committed 1152K, reserved 1048576K
}
Event: 1.148 GC heap after
{Heap after GC invocations=1 (full 0):
 garbage-first heap   total 129024K, used 9627K [0x0000000080000000, 0x0000000100000000)
  region size 1024K, 3 young (3072K), 3 survivors (3072K)
 Metaspace       used 10249K, capacity 10487K, committed 10624K, reserved 1058816K
  class space    used 1073K, capacity 1141K, committed 1152K, reserved 1048576K
}
Event: 1.703 GC heap before
{Heap before GC invocations=1 (full 0):
 garbage-first heap   total 129024K, used 31131K [0x0000000080000000, 0x0000000100000000)
  region size 1024K, 24 young (24576K), 3 survivors (3072K)
 Metaspace       used 11177K, capacity 11378K, committed 11520K, reserved 1058816K
  class space    used 1174K, capacity 1246K, committed 1280K, reserved 1048576K
}
Event: 1.708 GC heap after
{Heap after GC invocations=2 (full 0):
 garbage-first heap   total 129024K, used 10243K [0x0000000080000000, 0x0000000100000000)
  region size 1024K, 1 young (1024K), 1 survivors (1024K)
 Metaspace       used 11177K, capacity 11378K, committed 11520K, reserved 1058816K
  class space    used 1174K, capacity 1246K, committed 1280K, reserved 1048576K
}
Event: 3.535 GC heap before
{Heap before GC invocations=2 (full 0):
 garbage-first heap   total 129024K, used 61443K [0x0000000080000000, 0x0000000100000000)
  region size 1024K, 51 young (52224K), 1 survivors (1024K)
 Metaspace       used 17535K, capacity 17864K, committed 18176K, reserved 1064960K
  class space    used 2078K, capacity 2219K, committed 2304K, reserved 1048576K
}
Event: 3.540 GC heap after
{Heap after GC invocations=3 (full 0):
 garbage-first heap   total 129024K, used 16810K [0x0000000080000000, 0x0000000100000000)
  region size 1024K, 7 young (7168K), 7 survivors (7168K)
 Metaspace       used 17535K, capacity 17864K, committed 18176K, reserved 1064960K
  class space    used 2078K, capacity 2219K, committed 2304K, reserved 1048576K
}
Event: 3.902 GC heap before
{Heap before GC invocations=3 (full 0):
 garbage-first heap   total 129024K, used 42410K [0x0000000080000000, 0x0000000100000000)
  region size 1024K, 33 young (33792K), 7 survivors (7168K)
 Metaspace       used 20655K, capacity 21087K, committed 21248K, reserved 1067008K
  class space    used 2544K, capacity 2697K, committed 2816K, reserved 1048576K
}
Event: 3.913 GC heap after
{Heap after GC invocations=4 (full 0):
 garbage-first heap   total 129024K, used 17919K [0x0000000080000000, 0x0000000100000000)
  region size 1024K, 2 young (2048K), 2 survivors (2048K)
 Metaspace       used 20655K, capacity 21087K, committed 21248K, reserved 1067008K
  class space    used 2544K, capacity 2697K, committed 2816K, reserved 1048576K
}
Event: 5.945 GC heap before
{Heap before GC invocations=5 (full 0):
 garbage-first heap   total 129024K, used 68095K [0x0000000080000000, 0x0000000100000000)
  region size 1024K, 51 young (52224K), 2 survivors (2048K)
 Metaspace       used 25859K, capacity 26444K, committed 26752K, reserved 1073152K
  class space    used 3386K, capacity 3617K, committed 3712K, reserved 1048576K
}
Event: 5.950 GC heap after
{Heap after GC invocations=6 (full 0):
 garbage-first heap   total 129024K, used 19758K [0x0000000080000000, 0x0000000100000000)
  region size 1024K, 3 young (3072K), 3 survivors (3072K)
 Metaspace       used 25859K, capacity 26444K, committed 26752K, reserved 1073152K
  class space    used 3386K, capacity 3617K, committed 3712K, reserved 1048576K
}
Event: 8.204 GC heap before
{Heap before GC invocations=6 (full 0):
 garbage-first heap   total 129024K, used 74030K [0x0000000080000000, 0x0000000100000000)
  region size 1024K, 56 young (57344K), 3 survivors (3072K)
 Metaspace       used 32299K, capacity 33026K, committed 33280K, reserved 1077248K
  class space    used 4264K, capacity 4538K, committed 4608K, reserved 1048576K
}
Event: 8.216 GC heap after
{Heap after GC invocations=7 (full 0):
 garbage-first heap   total 129024K, used 22131K [0x0000000080000000, 0x0000000100000000)
  region size 1024K, 6 young (6144K), 6 survivors (6144K)
 Metaspace       used 32299K, capacity 33026K, committed 33280K, reserved 1077248K
  class space    used 4264K, capacity 4538K, committed 4608K, reserved 1048576K
}
Event: 9.114 GC heap before
{Heap before GC invocations=7 (full 0):
 garbage-first heap   total 129024K, used 28275K [0x0000000080000000, 0x0000000100000000)
  region size 1024K, 13 young (13312K), 6 survivors (6144K)
 Metaspace       used 35006K, capacity 35786K, committed 35840K, reserved 1081344K
  class space    used 4554K, capacity 4863K, committed 4864K, reserved 1048576K
}
Event: 9.130 GC heap after
{Heap after GC invocations=8 (full 0):
 garbage-first heap   total 129024K, used 23539K [0x0000000080000000, 0x0000000100000000)
  region size 1024K, 4 young (4096K), 4 survivors (4096K)
 Metaspace       used 35006K, capacity 35786K, committed 35840K, reserved 1081344K
  class space    used 4554K, capacity 4863K, committed 4864K, reserved 1048576K
}
Event: 10.602 GC heap before
{Heap before GC invocations=9 (full 0):
 garbage-first heap   total 129024K, used 82931K [0x0000000080000000, 0x0000000100000000)
  region size 1024K, 60 young (61440K), 4 survivors (4096K)
 Metaspace       used 39203K, capacity 40206K, committed 40268K, reserved 1083392K
  class space    used 5035K, capacity 5393K, committed 5452K, reserved 1048576K
}
Event: 10.614 GC heap after
{Heap after GC invocations=10 (full 0):
 garbage-first heap   total 155648K, used 28252K [0x0000000080000000, 0x0000000100000000)
  region size 1024K, 8 young (8192K), 8 survivors (8192K)
 Metaspace       used 39203K, capacity 40206K, committed 40268K, reserved 1083392K
  class space    used 5035K, capacity 5393K, committed 5452K, reserved 1048576K
}
Event: 12.274 GC heap before
{Heap before GC invocations=10 (full 0):
 garbage-first heap   total 155648K, used 94812K [0x0000000080000000, 0x0000000100000000)
  region size 1024K, 72 young (73728K), 8 survivors (8192K)
 Metaspace       used 44986K, capacity 46004K, committed 46156K, reserved 1089536K
  class space    used 5784K, capacity 6165K, committed 6220K, reserved 1048576K
}
Event: 12.289 GC heap after
{Heap after GC invocations=11 (full 0):
 garbage-first heap   total 155648K, used 30799K [0x0000000080000000, 0x0000000100000000)
  region size 1024K, 7 young (7168K), 7 survivors (7168K)
 Metaspace       used 44986K, capacity 46004K, committed 46156K, reserved 1089536K
  class space    used 5784K, capacity 6165K, committed 6220K, reserved 1048576K
}
Event: 14.354 GC heap before
{Heap before GC invocations=11 (full 0):
 garbage-first heap   total 155648K, used 108623K [0x0000000080000000, 0x0000000100000000)
  region size 1024K, 78 young (79872K), 7 survivors (7168K)
 Metaspace       used 48142K, capacity 49381K, committed 49612K, reserved 1091584K
  class space    used 6149K, capacity 6582K, committed 6604K, reserved 1048576K
}
Event: 14.368 GC heap after
{Heap after GC invocations=12 (full 0):
 garbage-first heap   total 155648K, used 44032K [0x0000000080000000, 0x0000000100000000)
  region size 1024K, 10 young (10240K), 10 survivors (10240K)
 Metaspace       used 48142K, capacity 49381K, committed 49612K, reserved 1091584K
  class space    used 6149K, capacity 6582K, committed 6604K, reserved 1048576K
}

Deoptimization events (20 events):
Event: 14.261 Thread 0x000002476788c800 DEOPT PACKING pc=0x000002474e3786aa sp=0x000000fc30ff17d0
Event: 14.261 Thread 0x000002476788c800 DEOPT UNPACKING pc=0x000002474d3b6dde sp=0x000000fc30ff0da8 mode 0
Event: 14.277 Thread 0x000002476788c800 DEOPT PACKING pc=0x000002474dbaeb97 sp=0x000000fc30ff1920
Event: 14.277 Thread 0x000002476788c800 DEOPT UNPACKING pc=0x000002474d3b6dde sp=0x000000fc30ff0ea8 mode 0
Event: 14.313 Thread 0x000002476788c800 Uncommon trap: trap_request=0xffffff4d fr.pc=0x0000024755080c68 relative=0x00000000000052e8
Event: 14.313 Thread 0x000002476788c800 Uncommon trap: reason=unstable_if action=reinterpret pc=0x0000024755080c68 method=org.codehaus.groovy.reflection.CachedMethod.compareToMethod(Ljava/lang/reflect/Method;)I @ 71 c2
Event: 14.313 Thread 0x000002476788c800 DEOPT PACKING pc=0x0000024755080c68 sp=0x000000fc30ff95e0
Event: 14.313 Thread 0x000002476788c800 DEOPT UNPACKING pc=0x000002474d3b662f sp=0x000000fc30ff95d0 mode 2
Event: 14.486 Thread 0x000002476788c800 Uncommon trap: trap_request=0xffffff4d fr.pc=0x000002475500a39c relative=0x000000000000007c
Event: 14.486 Thread 0x000002476788c800 Uncommon trap: reason=unstable_if action=reinterpret pc=0x000002475500a39c method=java.util.Spliterator.getExactSizeIfKnown()J @ 9 c2
Event: 14.486 Thread 0x000002476788c800 DEOPT PACKING pc=0x000002475500a39c sp=0x000000fc30ffaf60
Event: 14.486 Thread 0x000002476788c800 DEOPT UNPACKING pc=0x000002474d3b662f sp=0x000000fc30ffaef8 mode 2
Event: 14.532 Thread 0x000002476788c800 Uncommon trap: trap_request=0xffffffc6 fr.pc=0x0000024754f7b078 relative=0x0000000000000218
Event: 14.532 Thread 0x000002476788c800 Uncommon trap: reason=bimorphic_or_optimized_type_check action=maybe_recompile pc=0x0000024754f7b078 method=com.google.common.base.CharMatcher.indexIn(Ljava/lang/CharSequence;I)I @ 31 c2
Event: 14.532 Thread 0x000002476788c800 DEOPT PACKING pc=0x0000024754f7b078 sp=0x000000fc30ff8140
Event: 14.532 Thread 0x000002476788c800 DEOPT UNPACKING pc=0x000002474d3b662f sp=0x000000fc30ff80e8 mode 2
Event: 14.538 Thread 0x000002476788c800 Uncommon trap: trap_request=0xffffff4d fr.pc=0x0000024754eb03e0 relative=0x0000000000000580
Event: 14.538 Thread 0x000002476788c800 Uncommon trap: reason=unstable_if action=reinterpret pc=0x0000024754eb03e0 method=java.util.jar.Manifest$FastInputStream.readLine([BII)I @ 130 c2
Event: 14.538 Thread 0x000002476788c800 DEOPT PACKING pc=0x0000024754eb03e0 sp=0x000000fc30ff7c50
Event: 14.538 Thread 0x000002476788c800 DEOPT UNPACKING pc=0x000002474d3b662f sp=0x000000fc30ff7be0 mode 2

Classes redefined (0 events):
No events

Internal exceptions (20 events):
Event: 14.410 Thread 0x000002476788c800 Exception <a 'java/lang/ClassNotFoundException'{0x0000000089562108}: org/gradle/api/DefaultTaskBeanInfo> (0x0000000089562108) thrown at [./src/hotspot/share/classfile/systemDictionary.cpp, line 231]
Event: 14.411 Thread 0x000002476788c800 Exception <a 'java/lang/ClassNotFoundException'{0x000000008958fd38}: org/gradle/api/internal/AbstractTaskBeanInfo> (0x000000008958fd38) thrown at [./src/hotspot/share/classfile/systemDictionary.cpp, line 231]
Event: 14.412 Thread 0x000002476788c800 Exception <a 'java/lang/ClassNotFoundException'{0x00000000895bdce0}: org/gradle/api/internal/AbstractTaskCustomizer> (0x00000000895bdce0) thrown at [./src/hotspot/share/classfile/systemDictionary.cpp, line 231]
Event: 14.417 Thread 0x000002476788c800 Exception <a 'java/lang/ClassNotFoundException'{0x0000000089430b68}: org/gradle/api/DefaultTaskCustomizer> (0x0000000089430b68) thrown at [./src/hotspot/share/classfile/systemDictionary.cpp, line 231]
Event: 14.434 Thread 0x000002476788c800 Exception <a 'java/lang/ClassNotFoundException'{0x00000000894b2778}: org/gradle/api/internal/ConventionTaskCustomizer> (0x00000000894b2778) thrown at [./src/hotspot/share/classfile/systemDictionary.cpp, line 231]
Event: 14.436 Thread 0x000002476788c800 Exception <a 'java/lang/ClassNotFoundException'{0x00000000894ea8e0}: org/gradle/api/tasks/DeleteCustomizer> (0x00000000894ea8e0) thrown at [./src/hotspot/share/classfile/systemDictionary.cpp, line 231]
Event: 14.439 Thread 0x000002476788c800 Exception <a 'java/lang/ClassNotFoundException'{0x0000000089329e68}: org/gradle/api/tasks/Delete_DecoratedCustomizer> (0x0000000089329e68) thrown at [./src/hotspot/share/classfile/systemDictionary.cpp, line 231]
Event: 14.484 Thread 0x000002476788c800 Exception <a 'java/lang/NoSuchMethodError'{0x000000008923cec8}: 'long java.lang.invoke.DirectMethodHandle$Holder.invokeVirtual(java.lang.Object, java.lang.Object)'> (0x000000008923cec8) thrown at [./src/hotspot/share/interpreter/linkResolver.cpp, line 773]
Event: 14.489 Thread 0x0000024767ba8000 Exception <a 'java/lang/NoSuchMethodError'{0x0000000089708688}: <clinit>> (0x0000000089708688) thrown at [./src/hotspot/share/prims/jni.cpp, line 1362]
Event: 14.495 Thread 0x0000024767ba8000 Exception <a 'java/lang/NoSuchMethodError'{0x00000000892c0698}: <clinit>> (0x00000000892c0698) thrown at [./src/hotspot/share/prims/jni.cpp, line 1362]
Event: 14.495 Thread 0x0000024767ba8000 Exception <a 'java/lang/NoSuchMethodError'{0x00000000892c17a8}: <clinit>> (0x00000000892c17a8) thrown at [./src/hotspot/share/prims/jni.cpp, line 1362]
Event: 14.495 Thread 0x0000024767ba8000 Exception <a 'java/lang/NoSuchMethodError'{0x00000000892c2ab0}: <clinit>> (0x00000000892c2ab0) thrown at [./src/hotspot/share/prims/jni.cpp, line 1362]
Event: 14.495 Thread 0x0000024767ba8000 Exception <a 'java/lang/NoSuchMethodError'{0x00000000892c3ad0}: <clinit>> (0x00000000892c3ad0) thrown at [./src/hotspot/share/prims/jni.cpp, line 1362]
Event: 14.498 Thread 0x0000024767ba8000 Exception <a 'java/lang/NoSuchMethodError'{0x00000000892d60e8}: <clinit>> (0x00000000892d60e8) thrown at [./src/hotspot/share/prims/jni.cpp, line 1362]
Event: 14.499 Thread 0x0000024767ba8000 Exception <a 'java/lang/NoSuchMethodError'{0x00000000891068a0}: <clinit>> (0x00000000891068a0) thrown at [./src/hotspot/share/prims/jni.cpp, line 1362]
Event: 14.503 Thread 0x0000024767ba8000 Exception <a 'java/lang/NoSuchMethodError'{0x000000008911a460}: <clinit>> (0x000000008911a460) thrown at [./src/hotspot/share/prims/jni.cpp, line 1362]
Event: 14.527 Thread 0x000002476788c800 Exception <a 'java/lang/ClassNotFoundException'{0x00000000891e1360}: build_4s5s0lrgp2ox6n9b17lkfevlvBeanInfo> (0x00000000891e1360) thrown at [./src/hotspot/share/classfile/systemDictionary.cpp, line 231]
Event: 14.527 Thread 0x000002476788c800 Exception <a 'java/lang/ClassNotFoundException'{0x00000000891ec318}: build_4s5s0lrgp2ox6n9b17lkfevlvCustomizer> (0x00000000891ec318) thrown at [./src/hotspot/share/classfile/systemDictionary.cpp, line 231]
Event: 14.578 Thread 0x000002476788c800 Exception <a 'java/lang/ClassNotFoundException'{0x0000000088fb7978}: org/gradle/api/internal/plugins/DefaultObjectConfigurationActionBeanInfo> (0x0000000088fb7978) thrown at [./src/hotspot/share/classfile/systemDictionary.cpp, line 231]
Event: 14.580 Thread 0x000002476788c800 Exception <a 'java/lang/ClassNotFoundException'{0x0000000088fecc18}: org/gradle/api/internal/plugins/DefaultObjectConfigurationActionCustomizer> (0x0000000088fecc18) thrown at [./src/hotspot/share/classfile/systemDictionary.cpp, line 231]

Events (20 events):
Event: 14.740 loading class com/android/build/api/variant/ComponentBuilder
Event: 14.740 loading class com/android/build/api/variant/ComponentBuilder done
Event: 14.741 loading class com/android/build/api/variant/ComponentIdentity
Event: 14.741 loading class com/android/build/api/variant/ComponentIdentity done
Event: 14.741 loading class com/android/build/api/variant/HasAndroidTestBuilder
Event: 14.741 loading class com/android/build/api/variant/HasAndroidTestBuilder done
Event: 14.741 loading class com/android/build/api/variant/HasTestFixturesBuilder
Event: 14.741 loading class com/android/build/api/variant/HasTestFixturesBuilder done
Event: 14.742 loading class com/android/build/api/variant/impl/VariantBuilderImpl
Event: 14.742 loading class com/android/build/api/variant/impl/VariantBuilderImpl done
Event: 14.743 loading class com/android/build/api/component/impl/ComponentBuilderImpl
Event: 14.743 loading class com/android/build/api/component/impl/ComponentBuilderImpl done
Event: 14.744 loading class com/android/build/api/variant/impl/ApplicationVariantImpl
Event: 14.744 loading class com/android/build/api/variant/impl/ApplicationVariantImpl done
Event: 14.745 loading class com/android/build/api/variant/ApplicationVariant
Event: 14.745 loading class com/android/build/api/variant/ApplicationVariant done
Event: 14.746 loading class com/android/build/api/variant/GeneratesApk
Event: 14.746 loading class com/android/build/api/variant/GeneratesApk done
Event: 14.746 loading class com/android/build/api/variant/Variant
Event: 14.746 loading class com/android/build/api/variant/Variant done


Dynamic libraries:
0x00007ff6bd540000 - 0x00007ff6bd54a000 	C:\Program Files\Android\Android Studio\jre\bin\java.exe
0x00007ffd62590000 - 0x00007ffd62785000 	C:\WINDOWS\SYSTEM32\ntdll.dll
0x00007ffd60ad0000 - 0x00007ffd60b8e000 	C:\WINDOWS\System32\KERNEL32.DLL
0x00007ffd5fcb0000 - 0x00007ffd5ff78000 	C:\WINDOWS\System32\KERNELBASE.dll
0x00007ffd600e0000 - 0x00007ffd601e0000 	C:\WINDOWS\System32\ucrtbase.dll
0x00007ffcfe610000 - 0x00007ffcfe627000 	C:\Program Files\Android\Android Studio\jre\bin\VCRUNTIME140.dll
0x00007ffcfe530000 - 0x00007ffcfe549000 	C:\Program Files\Android\Android Studio\jre\bin\jli.dll
0x00007ffd622a0000 - 0x00007ffd62440000 	C:\WINDOWS\System32\USER32.dll
0x00007ffd5f090000 - 0x00007ffd5f32a000 	C:\WINDOWS\WinSxS\amd64_microsoft.windows.common-controls_6595b64144ccf1df_6.0.19041.1110_none_60b5254171f9507e\COMCTL32.dll
0x00007ffd602d0000 - 0x00007ffd602f2000 	C:\WINDOWS\System32\win32u.dll
0x00007ffd61540000 - 0x00007ffd6156b000 	C:\WINDOWS\System32\GDI32.dll
0x00007ffd614a0000 - 0x00007ffd6153e000 	C:\WINDOWS\System32\msvcrt.dll
0x00007ffd60390000 - 0x00007ffd6049b000 	C:\WINDOWS\System32\gdi32full.dll
0x00007ffd601e0000 - 0x00007ffd6027d000 	C:\WINDOWS\System32\msvcp_win.dll
0x00007ffd61f50000 - 0x00007ffd61f80000 	C:\WINDOWS\System32\IMM32.DLL
0x00007ffcfd880000 - 0x00007ffcfd91d000 	C:\Program Files\Android\Android Studio\jre\bin\msvcp140.dll
0x00007ffce33e0000 - 0x00007ffce3eb5000 	C:\Program Files\Android\Android Studio\jre\bin\server\jvm.dll
0x00007ffd605f0000 - 0x00007ffd6069e000 	C:\WINDOWS\System32\ADVAPI32.dll
0x00007ffd60b90000 - 0x00007ffd60c2c000 	C:\WINDOWS\System32\sechost.dll
0x00007ffd62170000 - 0x00007ffd62295000 	C:\WINDOWS\System32\RPCRT4.dll
0x00007ffd61d60000 - 0x00007ffd61d68000 	C:\WINDOWS\System32\PSAPI.DLL
0x00007ffd4a7e0000 - 0x00007ffd4a807000 	C:\WINDOWS\SYSTEM32\WINMM.dll
0x00007ffd5d750000 - 0x00007ffd5d75a000 	C:\WINDOWS\SYSTEM32\VERSION.dll
0x00007ffd5df30000 - 0x00007ffd5df39000 	C:\WINDOWS\SYSTEM32\WSOCK32.dll
0x00007ffd62100000 - 0x00007ffd6216b000 	C:\WINDOWS\System32\WS2_32.dll
0x00007ffd5d770000 - 0x00007ffd5d782000 	C:\WINDOWS\SYSTEM32\kernel.appcore.dll
0x00007ffd442b0000 - 0x00007ffd442c1000 	C:\Program Files\Android\Android Studio\jre\bin\verify.dll
0x00007ffd5f630000 - 0x00007ffd5f814000 	C:\WINDOWS\SYSTEM32\DBGHELP.DLL
0x00007ffd5f600000 - 0x00007ffd5f62c000 	C:\WINDOWS\SYSTEM32\dbgcore.DLL
0x00007ffd60300000 - 0x00007ffd60382000 	C:\WINDOWS\System32\bcryptPrimitives.dll
0x00007ffd33bb0000 - 0x00007ffd33bd9000 	C:\Program Files\Android\Android Studio\jre\bin\java.dll
0x00007ffd33ba0000 - 0x00007ffd33bab000 	C:\Program Files\Android\Android Studio\jre\bin\jimage.dll
0x00007ffd33b80000 - 0x00007ffd33b98000 	C:\Program Files\Android\Android Studio\jre\bin\zip.dll
0x00007ffd60c30000 - 0x00007ffd61374000 	C:\WINDOWS\System32\SHELL32.dll
0x00007ffd5cfa0000 - 0x00007ffd5d734000 	C:\WINDOWS\SYSTEM32\windows.storage.dll
0x00007ffd60770000 - 0x00007ffd60ac4000 	C:\WINDOWS\System32\combase.dll
0x00007ffd5f020000 - 0x00007ffd5f04c000 	C:\WINDOWS\SYSTEM32\Wldp.dll
0x00007ffd62440000 - 0x00007ffd624ed000 	C:\WINDOWS\System32\SHCORE.dll
0x00007ffd60700000 - 0x00007ffd60755000 	C:\WINDOWS\System32\shlwapi.dll
0x00007ffd5fbf0000 - 0x00007ffd5fc0f000 	C:\WINDOWS\SYSTEM32\profapi.dll
0x00007ffd31cd0000 - 0x00007ffd31cea000 	C:\Program Files\Android\Android Studio\jre\bin\net.dll
0x00007ffd58fc0000 - 0x00007ffd590c9000 	C:\WINDOWS\SYSTEM32\WINHTTP.dll
0x00007ffd5ecd0000 - 0x00007ffd5ed3a000 	C:\WINDOWS\system32\mswsock.dll
0x00007ffd31cb0000 - 0x00007ffd31cc4000 	C:\Program Files\Android\Android Studio\jre\bin\nio.dll
0x00007ffd3ba40000 - 0x00007ffd3ba67000 	C:\Users\Phoeb\.gradle\native\e1d6ef7f7dcc3fd88c89a11ec53ec762bb8ba0a96d01ffa2cd45eb1d1d8dd5c5\windows-amd64\native-platform.dll
0x00007ffcfcbd0000 - 0x00007ffcfcd14000 	C:\Users\Phoeb\.gradle\native\5664cfc778a61ccfe75a443a1ab52a65af34e5dc3c78e0209fed803814484fcb\windows-amd64\native-platform-file-events.dll
0x00007ffd33b70000 - 0x00007ffd33b7a000 	C:\Program Files\Android\Android Studio\jre\bin\management.dll
0x00007ffd31ca0000 - 0x00007ffd31cad000 	C:\Program Files\Android\Android Studio\jre\bin\management_ext.dll
0x00007ffd5f9c0000 - 0x00007ffd5f9d8000 	C:\WINDOWS\SYSTEM32\CRYPTSP.dll
0x00007ffd5e6c0000 - 0x00007ffd5e6f4000 	C:\WINDOWS\system32\rsaenh.dll
0x00007ffd604a0000 - 0x00007ffd604c7000 	C:\WINDOWS\System32\bcrypt.dll
0x00007ffd5fb70000 - 0x00007ffd5fb9e000 	C:\WINDOWS\SYSTEM32\USERENV.dll
0x00007ffd5ee60000 - 0x00007ffd5ee6c000 	C:\WINDOWS\SYSTEM32\CRYPTBASE.dll
0x00007ffd5ea70000 - 0x00007ffd5eaab000 	C:\WINDOWS\SYSTEM32\IPHLPAPI.DLL
0x00007ffd60760000 - 0x00007ffd60768000 	C:\WINDOWS\System32\NSI.dll
0x00007ffd55480000 - 0x00007ffd55497000 	C:\WINDOWS\SYSTEM32\dhcpcsvc6.DLL
0x00007ffd54490000 - 0x00007ffd544ad000 	C:\WINDOWS\SYSTEM32\dhcpcsvc.DLL
0x00007ffd5eab0000 - 0x00007ffd5eb7a000 	C:\WINDOWS\SYSTEM32\DNSAPI.dll

dbghelp: loaded successfully - version: 4.0.5 - missing functions: none
symbol engine: initialized successfully - sym options: 0x614 - pdb path: .;C:\Program Files\Android\Android Studio\jre\bin;C:\WINDOWS\SYSTEM32;C:\WINDOWS\WinSxS\amd64_microsoft.windows.common-controls_6595b64144ccf1df_6.0.19041.1110_none_60b5254171f9507e;C:\Program Files\Android\Android Studio\jre\bin\server;C:\Users\Phoeb\.gradle\native\e1d6ef7f7dcc3fd88c89a11ec53ec762bb8ba0a96d01ffa2cd45eb1d1d8dd5c5\windows-amd64;C:\Users\Phoeb\.gradle\native\5664cfc778a61ccfe75a443a1ab52a65af34e5dc3c78e0209fed803814484fcb\windows-amd64

VM Arguments:
jvm_args: --add-opens=java.base/java.util=ALL-UNNAMED --add-opens=java.base/java.lang=ALL-UNNAMED --add-opens=java.base/java.lang.invoke=ALL-UNNAMED --add-opens=java.base/java.util=ALL-UNNAMED --add-opens=java.prefs/java.util.prefs=ALL-UNNAMED --add-opens=java.prefs/java.util.prefs=ALL-UNNAMED --add-opens=java.base/java.nio.charset=ALL-UNNAMED --add-opens=java.base/java.net=ALL-UNNAMED --add-opens=java.base/java.util.concurrent.atomic=ALL-UNNAMED -Xmx2048m -Dfile.encoding=UTF-8 -Duser.country=GB -Duser.language=en -Duser.variant 
java_command: org.gradle.launcher.daemon.bootstrap.GradleDaemon 7.2
java_class_path (initial): C:\Users\Phoeb\.gradle\wrapper\dists\gradle-7.2-bin\2dnblmf4td7x66yl1d74lt32g\gradle-7.2\lib\gradle-launcher-7.2.jar
Launcher Type: SUN_STANDARD

[Global flags]
     intx CICompilerCount                          = 4                                         {product} {ergonomic}
     uint ConcGCThreads                            = 2                                         {product} {ergonomic}
     uint G1ConcRefinementThreads                  = 8                                         {product} {ergonomic}
   size_t G1HeapRegionSize                         = 1048576                                   {product} {ergonomic}
    uintx GCDrainStackTargetSize                   = 64                                        {product} {ergonomic}
   size_t InitialHeapSize                          = 132120576                                 {product} {ergonomic}
   size_t MarkStackSize                            = 4194304                                   {product} {ergonomic}
   size_t MaxHeapSize                              = 2147483648                                {product} {command line}
   size_t MaxNewSize                               = 1287651328                                {product} {ergonomic}
   size_t MinHeapDeltaBytes                        = 1048576                                   {product} {ergonomic}
    uintx NonNMethodCodeHeapSize                   = 5836300                                {pd product} {ergonomic}
    uintx NonProfiledCodeHeapSize                  = 122910970                              {pd product} {ergonomic}
    uintx ProfiledCodeHeapSize                     = 122910970                              {pd product} {ergonomic}
    uintx ReservedCodeCacheSize                    = 251658240                              {pd product} {ergonomic}
     bool SegmentedCodeCache                       = true                                      {product} {ergonomic}
     bool UseCompressedClassPointers               = true                                 {lp64_product} {ergonomic}
     bool UseCompressedOops                        = true                                 {lp64_product} {ergonomic}
     bool UseG1GC                                  = true                                      {product} {ergonomic}
     bool UseLargePagesIndividualAllocation        = false                                  {pd product} {ergonomic}

Logging:
Log output configuration:
 #0: stdout all=warning uptime,level,tags
 #1: stderr all=off uptime,level,tags

Environment Variables:
PATH=C:\WINDOWS\system32;C:\WINDOWS;C:\WINDOWS\System32\Wbem;C:\WINDOWS\System32\WindowsPowerShell\v1.0\;C:\WINDOWS\System32\OpenSSH\;C:\Users\Phoeb\AppData\Local\Microsoft\WindowsApps;
USERNAME=Phoeb
OS=Windows_NT
PROCESSOR_IDENTIFIER=Intel64 Family 6 Model 142 Stepping 10, GenuineIntel



---------------  S Y S T E M  ---------------

OS: Windows 10 , 64 bit Build 19041 (10.0.19041.1566)
OS uptime: 0 days 23:20 hours

CPU:total 8 (initial active 8) (4 cores per cpu, 2 threads per core) family 6 model 142 stepping 10 microcode 0xea, cmov, cx8, fxsr, mmx, sse, sse2, sse3, ssse3, sse4.1, sse4.2, popcnt, avx, avx2, aes, clmul, erms, 3dnowpref, lzcnt, ht, tsc, tscinvbit, bmi1, bmi2, adx, fma

Memory: 4k page, system-wide physical 8000M (270M free)
TotalPageFile size 32576M (AvailPageFile size 3M)
current process WorkingSet (physical memory assigned to process): 313M, peak: 316M
current process commit charge ("private bytes"): 377M, peak: 381M

vm_info: OpenJDK 64-Bit Server VM (11.0.11+9-b60-7590822) for windows-amd64 JRE (11.0.11+9-b60-7590822), built on Jul 29 2021 21:43:44 by "builder" with MS VC++ 14.0 (VS2015)

END.
